<?xml version="1.0" encoding="UTF-8"?>
<!-- Generated by org.testng.reporters.JUnitReportReporter -->
<testsuite hostname="Sauravs-MacBook-Pro.local" failures="0" tests="3" name="com.qa.api.almosafer.tests.getAlmosferApiTest" time="4.058" errors="0" timestamp="2023-05-18T09:41:19 IST" skipped="0">
  <testcase classname="com.qa.api.almosafer.tests.getAlmosferApiTest" name="getAlmosaferHomePageAPI" time="2.207"/>
  <system-out/>
  <testcase classname="com.qa.api.almosafer.tests.getAlmosferApiTest" name="getAlmosaferFlightHotelChaletsPageAPI" time="0.485"/>
  <system-out/>
  <testcase classname="com.qa.api.almosafer.tests.getAlmosferApiTest" name="getAlmosaferHotelChaletsPageAPI" time="1.366"/>
  <system-out/>
</testsuite> <!-- com.qa.api.almosafer.tests.getAlmosferApiTest -->
