<?xml version="1.0" encoding="UTF-8"?>
<!-- Generated by org.testng.reporters.JUnitReportReporter -->
<testsuite hostname="Sauravs-MacBook-Pro.local" failures="0" tests="1" name="abc.AAAA" time="5.105" errors="0" timestamp="2023-05-14T11:47:14 IST" skipped="0">
  <testcase classname="abc.AAAA" name="getAlmosaferAPI" time="5.105"/>
  <system-out/>
</testsuite> <!-- abc.AAAA -->
