<?xml version="1.0" encoding="UTF-8"?>
<!-- Generated by org.testng.reporters.JUnitReportReporter -->
<testsuite hostname="Sauravs-MacBook-Pro.local" failures="0" tests="1" name="com.qa.api.almosafer.tests.getApi" time="3.598" errors="0" timestamp="2023-05-15T09:50:19 IST" skipped="0">
  <testcase classname="com.qa.api.almosafer.tests.getApi" name="postAlmosaferAPI4" time="3.598"/>
  <system-out/>
</testsuite> <!-- com.qa.api.almosafer.tests.getApi -->
