<?xml version="1.0" encoding="UTF-8"?>
<!-- Generated by org.testng.reporters.JUnitReportReporter -->
<testsuite hostname="Sauravs-MacBook-Pro.local" failures="0" tests="1" name="com.qa.api.almosafer.tests.getApi_BDD" time="12.243" errors="0" timestamp="2023-05-18T00:33:40 IST" skipped="0">
  <testcase classname="com.qa.api.almosafer.tests.getApi_BDD" name="postAlmosaferAPI5" time="12.243"/>
  <system-out/>
</testsuite> <!-- com.qa.api.almosafer.tests.getApi_BDD -->
